<?xml version="1.0" encoding="UTF-8"?>
<robot generator="Robot 4.1.3 (Python 3.10.2 on win32)" generated="20220120 08:16:42.622" rpa="false" schemaversion="2">
<suite id="s1" name="Rundemo" source="C:\automation\robot-scripts\robotdemo\Tests\rundemo.robot">
<test id="s1-t1" name="Search in Amazon">
<kw name="Open Browser" library="SeleniumLibrary">
<arg>https://www.amazon.com</arg>
<arg>${Browser}</arg>
<doc>Opens a new browser instance to the optional ``url``.</doc>
<msg timestamp="20220120 08:16:43.249" level="INFO">Opening browser 'ff' to base url 'https://www.amazon.com'.</msg>
<msg timestamp="20220120 08:16:43.252" level="INFO">Firefox driver log is always forced to to: C:\automation\robot-scripts\robotdemo\Results\geckodriver-2.log</msg>
<status status="PASS" starttime="20220120 08:16:43.246" endtime="20220120 08:16:57.277"/>
</kw>
<kw name="Sleep" library="BuiltIn">
<arg>3s</arg>
<doc>Pauses the test executed for the given time.</doc>
<msg timestamp="20220120 08:17:00.293" level="INFO">Slept 3 seconds</msg>
<status status="PASS" starttime="20220120 08:16:57.279" endtime="20220120 08:17:00.294"/>
</kw>
<kw name="Input Text" library="SeleniumLibrary">
<arg>//input[@id='twotabsearchtextbox']</arg>
<arg>PS5</arg>
<doc>Types the given ``text`` into the text field identified by ``locator``.</doc>
<msg timestamp="20220120 08:17:00.303" level="INFO">Typing text 'PS5' into text field '//input[@id='twotabsearchtextbox']'.</msg>
<status status="PASS" starttime="20220120 08:17:00.302" endtime="20220120 08:17:00.536"/>
</kw>
<kw name="Click Button" library="SeleniumLibrary">
<arg>//input[@id='nav-search-submit-button']</arg>
<doc>Clicks the button identified by ``locator``.</doc>
<msg timestamp="20220120 08:17:00.537" level="INFO">Clicking button '//input[@id='nav-search-submit-button']'.</msg>
<status status="PASS" starttime="20220120 08:17:00.536" endtime="20220120 08:17:02.879"/>
</kw>
<kw name="Wait Until Page Contains" library="SeleniumLibrary">
<arg>results for "PS5"</arg>
<doc>Waits until ``text`` appears on the current page.</doc>
<status status="PASS" starttime="20220120 08:17:02.897" endtime="20220120 08:17:03.085"/>
</kw>
<kw name="Sleep" library="BuiltIn">
<arg>3s</arg>
<doc>Pauses the test executed for the given time.</doc>
<msg timestamp="20220120 08:17:06.095" level="INFO">Slept 3 seconds</msg>
<status status="PASS" starttime="20220120 08:17:03.086" endtime="20220120 08:17:06.095"/>
</kw>
<kw name="Close Browser" library="SeleniumLibrary">
<doc>Closes the current browser.</doc>
<status status="PASS" starttime="20220120 08:17:06.096" endtime="20220120 08:17:09.207"/>
</kw>
<doc>This test validates the search bar in Amazon</doc>
<tag>Demo</tag>
<tag>Search</tag>
<tag>Smoke</tag>
<status status="PASS" starttime="20220120 08:16:43.244" endtime="20220120 08:17:09.208"/>
</test>
<doc>This is a project demo to integrate RF, Git, and Jenkins</doc>
<status status="PASS" starttime="20220120 08:16:42.626" endtime="20220120 08:17:09.211"/>
</suite>
<statistics>
<total>
<stat pass="1" fail="0" skip="0">All Tests</stat>
</total>
<tag>
<stat pass="1" fail="0" skip="0">Demo</stat>
<stat pass="1" fail="0" skip="0">Search</stat>
<stat pass="1" fail="0" skip="0">Smoke</stat>
</tag>
<suite>
<stat pass="1" fail="0" skip="0" id="s1" name="Rundemo">Rundemo</stat>
</suite>
</statistics>
<errors>
</errors>
</robot>
